<?xml version="1.0" encoding="UTF-8" ?>
<testsuite errors="2" failures="0" hostname="PGRP00086946" name="caseTests.LeiloesTest" tests="2" time="6.541" timestamp="2016-11-30T19:33:20">
  <properties>
[...]
</properties>
  <testcase classname="caseTests.LeiloesTest" name="deveAdicionarUmLeilao" time="3.537">
    <error type="java.lang.NullPointerException">java.lang.NullPointerException
	at caseTests.LeiloesTest.deveAdicionarUmLeilao(LeiloesTest.java:16)
</error>
  </testcase>
  <testcase classname="caseTests.LeiloesTest" name="naoDeveAdicionarLeilaoSemNomeOuValor" time="2.821">
    <error type="java.lang.NullPointerException">java.lang.NullPointerException
	at caseTests.LeiloesTest.naoDeveAdicionarLeilaoSemNomeOuValor(LeiloesTest.java:29)
</error>
  </testcase>
  <system-out><![CDATA[]]></system-out>
  <system-err><![CDATA[Starting ChromeDriver 2.25.426923 (0390b88869384d6eb0d5d09729679f934aab9eed) on port 16174
Only local connections are allowed.
nov 30, 2016 5:33:22 PM org.openqa.selenium.remote.ProtocolHandshake createSession
INFORMAÇÕES: Attempting bi-dialect session, assuming Postel's Law holds true on the remote end
nov 30, 2016 5:33:24 PM org.openqa.selenium.remote.ProtocolHandshake createSession
INFORMAÇÕES: Detected dialect: OSS
Starting ChromeDriver 2.25.426923 (0390b88869384d6eb0d5d09729679f934aab9eed) on port 20430
Only local connections are allowed.
nov 30, 2016 5:33:25 PM org.openqa.selenium.remote.ProtocolHandshake createSession
INFORMAÇÕES: Attempting bi-dialect session, assuming Postel's Law holds true on the remote end
nov 30, 2016 5:33:27 PM org.openqa.selenium.remote.ProtocolHandshake createSession
INFORMAÇÕES: Detected dialect: OSS
]]></system-err>
</testsuite>
